
**** Build of configuration Debug for project AUTOSAR_PROJECT ****

"C:\\ti\\ccs1260\\ccs\\utils\\bin\\gmake" -k -j 4 all -O 
 
Building file: "../Led.c"
Invoking: Arm Compiler
"C:/ti/ccs1260/ccs/tools/compiler/ti-cgt-arm_20.2.7.LTS/bin/armcl" -mv7M4 --code_state=16 --float_support=FPv4SPD16 -me --include_path="C:/Users/Administrator/Desktop/AUTOSAR_PROJECT/AUTOSAR_PROJECT" --include_path="C:/ti/ccs1260/ccs/tools/compiler/ti-cgt-arm_20.2.7.LTS/include" --define=ccs="ccs" --define=PART_TM4C123GH6PM -g --gcc --diag_warning=225 --diag_wrap=off --display_error_number --abi=eabi --preproc_with_compile --preproc_dependency="Led.d_raw"  "../Led.c"
Finished building: "../Led.c"
 
Building file: "../App.c"
Invoking: Arm Compiler
"C:/ti/ccs1260/ccs/tools/compiler/ti-cgt-arm_20.2.7.LTS/bin/armcl" -mv7M4 --code_state=16 --float_support=FPv4SPD16 -me --include_path="C:/Users/Administrator/Desktop/AUTOSAR_PROJECT/AUTOSAR_PROJECT" --include_path="C:/ti/ccs1260/ccs/tools/compiler/ti-cgt-arm_20.2.7.LTS/include" --define=ccs="ccs" --define=PART_TM4C123GH6PM -g --gcc --diag_warning=225 --diag_wrap=off --display_error_number --abi=eabi --preproc_with_compile --preproc_dependency="App.d_raw"  "../App.c"
Finished building: "../App.c"
 
Building file: "../Port_PBcfg.c"
Invoking: Arm Compiler
"C:/ti/ccs1260/ccs/tools/compiler/ti-cgt-arm_20.2.7.LTS/bin/armcl" -mv7M4 --code_state=16 --float_support=FPv4SPD16 -me --include_path="C:/Users/Administrator/Desktop/AUTOSAR_PROJECT/AUTOSAR_PROJECT" --include_path="C:/ti/ccs1260/ccs/tools/compiler/ti-cgt-arm_20.2.7.LTS/include" --define=ccs="ccs" --define=PART_TM4C123GH6PM -g --gcc --diag_warning=225 --diag_wrap=off --display_error_number --abi=eabi --preproc_with_compile --preproc_dependency="Port_PBcfg.d_raw"  "../Port_PBcfg.c"
Finished building: "../Port_PBcfg.c"
 
Building file: "../Port.c"
Invoking: Arm Compiler
"C:/ti/ccs1260/ccs/tools/compiler/ti-cgt-arm_20.2.7.LTS/bin/armcl" -mv7M4 --code_state=16 --float_support=FPv4SPD16 -me --include_path="C:/Users/Administrator/Desktop/AUTOSAR_PROJECT/AUTOSAR_PROJECT" --include_path="C:/ti/ccs1260/ccs/tools/compiler/ti-cgt-arm_20.2.7.LTS/include" --define=ccs="ccs" --define=PART_TM4C123GH6PM -g --gcc --diag_warning=225 --diag_wrap=off --display_error_number --abi=eabi --preproc_with_compile --preproc_dependency="Port.d_raw"  "../Port.c"
Finished building: "../Port.c"
 
Building target: "AUTOSAR_PROJECT.out"
Invoking: Arm Linker
"C:/ti/ccs1260/ccs/tools/compiler/ti-cgt-arm_20.2.7.LTS/bin/armcl" -mv7M4 --code_state=16 --float_support=FPv4SPD16 -me --define=ccs="ccs" --define=PART_TM4C123GH6PM -g --gcc --diag_warning=225 --diag_wrap=off --display_error_number --abi=eabi -z -m"AUTOSAR_PROJECT.map" --heap_size=0 --stack_size=512 -i"C:/ti/ccs1260/ccs/tools/compiler/ti-cgt-arm_20.2.7.LTS/lib" -i"C:/ti/ccs1260/ccs/tools/compiler/ti-cgt-arm_20.2.7.LTS/include" --reread_libs --diag_wrap=off --display_error_number --warn_sections --xml_link_info="AUTOSAR_PROJECT_linkInfo.xml" --rom_model -o "AUTOSAR_PROJECT.out" "./App.obj" "./Button.obj" "./Det.obj" "./Dio.obj" "./Dio_PBcfg.obj" "./Gpt.obj" "./Led.obj" "./Mcu.obj" "./Os.obj" "./Port.obj" "./Port_PBcfg.obj" "./main.obj" "./tm4c123gh6pm_startup_ccs.obj" "../tm4c123gh6pm.cmd"  -llibc.a 
<Linking>
Finished building target: "AUTOSAR_PROJECT.out"
 

**** Build Finished ****
